Traceback (most recent call last):
  File "/home/darlon/Pesquisa/env/lib/python3.8/site-packages/jupyter_cache/executors/utils.py", line 51, in single_nb_execution
    executenb(
  File "/home/darlon/Pesquisa/env/lib/python3.8/site-packages/nbclient/client.py", line 1204, in execute
    return NotebookClient(nb=nb, resources=resources, km=km, **kwargs).execute()
  File "/home/darlon/Pesquisa/env/lib/python3.8/site-packages/nbclient/util.py", line 84, in wrapped
    return just_run(coro(*args, **kwargs))
  File "/home/darlon/Pesquisa/env/lib/python3.8/site-packages/nbclient/util.py", line 62, in just_run
    return loop.run_until_complete(coro)
  File "/usr/lib/python3.8/asyncio/base_events.py", line 616, in run_until_complete
    return future.result()
  File "/home/darlon/Pesquisa/env/lib/python3.8/site-packages/nbclient/client.py", line 663, in async_execute
    await self.async_execute_cell(
  File "/home/darlon/Pesquisa/env/lib/python3.8/site-packages/nbclient/client.py", line 965, in async_execute_cell
    await self._check_raise_for_error(cell, cell_index, exec_reply)
  File "/home/darlon/Pesquisa/env/lib/python3.8/site-packages/nbclient/client.py", line 862, in _check_raise_for_error
    raise CellExecutionError.from_cell_and_msg(cell, exec_reply_content)
nbclient.exceptions.CellExecutionError: An error occurred while executing the following cell:
------------------
num = input('Digite um nÃºmero: ') #Recebe a entrada do usuÃ¡rio. A entrada sempre Ã© uma cadeia de caracteres (string)
num = int(num) #Converte o valor para inteiro
print('Valor:', num) #mostra o nÃºmero
print('Antecessor:', num-1) #mostra o antecessor do nÃºmero
print('Sucessor:', num+1) #mostra o sucessor do nÃºmero
------------------

[0;31m---------------------------------------------------------------------------[0m
[0;31mStdinNotImplementedError[0m                  Traceback (most recent call last)
Cell [0;32mIn [1], line 1[0m
[0;32m----> 1[0m num [38;5;241m=[39m [38;5;28minput[39m([38;5;124m'[39m[38;5;124mDigite um nÃºmero: [39m[38;5;124m'[39m) [38;5;66;03m#Recebe a entrada do usuÃ¡rio. A entrada sempre Ã© uma cadeia de caracteres (string)[39;00m
[1;32m      2[0m num [38;5;241m=[39m [38;5;28mint[39m(num) [38;5;66;03m#Converte o valor para inteiro[39;00m
[1;32m      3[0m [38;5;28mprint[39m([38;5;124m'[39m[38;5;124mValor:[39m[38;5;124m'[39m, num) [38;5;66;03m#mostra o nÃºmero[39;00m

File [0;32m~/Pesquisa/env/lib/python3.8/site-packages/ipykernel/kernelbase.py:1174[0m, in [0;36mKernel.raw_input[0;34m(self, prompt)[0m
[1;32m   1167[0m [38;5;124;03m"""Forward raw_input to frontends[39;00m
[1;32m   1168[0m 
[1;32m   1169[0m [38;5;124;03mRaises[39;00m
[1;32m   1170[0m [38;5;124;03m------[39;00m
[1;32m   1171[0m [38;5;124;03mStdinNotImplementedError if active frontend doesn't support stdin.[39;00m
[1;32m   1172[0m [38;5;124;03m"""[39;00m
[1;32m   1173[0m [38;5;28;01mif[39;00m [38;5;129;01mnot[39;00m [38;5;28mself[39m[38;5;241m.[39m_allow_stdin:
[0;32m-> 1174[0m     [38;5;28;01mraise[39;00m StdinNotImplementedError(
[1;32m   1175[0m         [38;5;124m"[39m[38;5;124mraw_input was called, but this frontend does not support input requests.[39m[38;5;124m"[39m
[1;32m   1176[0m     )
[1;32m   1177[0m [38;5;28;01mreturn[39;00m [38;5;28mself[39m[38;5;241m.[39m_input_request(
[1;32m   1178[0m     [38;5;28mstr[39m(prompt),
[1;32m   1179[0m     [38;5;28mself[39m[38;5;241m.[39m_parent_ident[[38;5;124m"[39m[38;5;124mshell[39m[38;5;124m"[39m],
[1;32m   1180[0m     [38;5;28mself[39m[38;5;241m.[39mget_parent([38;5;124m"[39m[38;5;124mshell[39m[38;5;124m"[39m),
[1;32m   1181[0m     password[38;5;241m=[39m[38;5;28;01mFalse[39;00m,
[1;32m   1182[0m )

[0;31mStdinNotImplementedError[0m: raw_input was called, but this frontend does not support input requests.
StdinNotImplementedError: raw_input was called, but this frontend does not support input requests.

